\BOOKMARK [0][-]{chapter.1}{Introducci\363n}{}% 1
\BOOKMARK [1][-]{section.1.1}{Motivaci\363n}{chapter.1}% 2
\BOOKMARK [1][-]{section.1.2}{Alcance}{chapter.1}% 3
\BOOKMARK [1][-]{section.1.3}{Glosario de t\351rminos}{chapter.1}% 4
\BOOKMARK [1][-]{section.1.4}{Organizaci\363n del Documento}{chapter.1}% 5
\BOOKMARK [0][-]{chapter.2}{Descripci\363n general del proyecto}{}% 6
\BOOKMARK [1][-]{section.2.1}{Descripci\363n}{chapter.2}% 7
\BOOKMARK [1][-]{section.2.2}{Caracter\355sticas de la aplicaci\363n}{chapter.2}% 8
\BOOKMARK [2][-]{subsection.2.2.1}{Componentes de la aplicaci\363n}{section.2.2}% 9
\BOOKMARK [2][-]{subsection.2.2.2}{Pruebas de valoraci\363n de la condici\363n f\355sica}{section.2.2}% 10
\BOOKMARK [0][-]{chapter.3}{Planificaci\363n}{}% 11
\BOOKMARK [1][-]{section.3.1}{Fase inicial}{chapter.3}% 12
\BOOKMARK [1][-]{section.3.2}{Fase de an\341lisis}{chapter.3}% 13
\BOOKMARK [1][-]{section.3.3}{Fase de aprendizaje}{chapter.3}% 14
\BOOKMARK [1][-]{section.3.4}{Fase de desarrollo}{chapter.3}% 15
\BOOKMARK [2][-]{subsection.3.4.1}{Metodolog\355a de desarrollo}{section.3.4}% 16
\BOOKMARK [2][-]{subsection.3.4.2}{Planificaci\363n del desarrollo}{section.3.4}% 17
\BOOKMARK [1][-]{section.3.5}{Pruebas y correcciones}{chapter.3}% 18
\BOOKMARK [1][-]{section.3.6}{Redacci\363n de la memoria}{chapter.3}% 19
\BOOKMARK [1][-]{section.3.7}{Diagrama de Gantt}{chapter.3}% 20
\BOOKMARK [0][-]{chapter.4}{An\341lisis de requisitos}{}% 21
\BOOKMARK [1][-]{section.4.1}{Especificaci\363n de requisitos del sistema}{chapter.4}% 22
\BOOKMARK [2][-]{subsection.4.1.1}{Requisitos de interfaces externas}{section.4.1}% 23
\BOOKMARK [2][-]{subsection.4.1.2}{Requisitos funcionales}{section.4.1}% 24
\BOOKMARK [2][-]{subsection.4.1.3}{Requisitos no funcionales}{section.4.1}% 25
\BOOKMARK [2][-]{subsection.4.1.4}{Reglas de negocio}{section.4.1}% 26
\BOOKMARK [2][-]{subsection.4.1.5}{Requisitos de informaci\363n}{section.4.1}% 27
\BOOKMARK [1][-]{section.4.2}{Modelo conceptual de datos}{chapter.4}% 28
\BOOKMARK [0][-]{chapter.5}{Dise\361o del sistema}{}% 29
\BOOKMARK [1][-]{section.5.1}{Arquitectura del sistema}{chapter.5}% 30
\BOOKMARK [2][-]{subsection.5.1.1}{Arquitectura f\355sica}{section.5.1}% 31
\BOOKMARK [2][-]{subsection.5.1.2}{Arquitectura Android}{section.5.1}% 32
\BOOKMARK [1][-]{section.5.2}{Modelo de comportamiento del sistema}{chapter.5}% 33
\BOOKMARK [2][-]{subsection.5.2.1}{Diagramas de secuencia y contrato de las operaciones del sistema}{section.5.2}% 34
\BOOKMARK [0][-]{subsection.5.2.1}{Bibliografia y referencias}{}% 35
\BOOKMARK [0][-]{section*.85}{GNU Free Documentation License}{}% 36
\BOOKMARK [1][-]{section*.86}{1. APPLICABILITY AND DEFINITIONS}{section*.85}% 37
\BOOKMARK [1][-]{section*.87}{2. VERBATIM COPYING}{section*.85}% 38
\BOOKMARK [1][-]{section*.88}{3. COPYING IN QUANTITY}{section*.85}% 39
\BOOKMARK [1][-]{section*.89}{4. MODIFICATIONS}{section*.85}% 40
\BOOKMARK [1][-]{section*.90}{5. COMBINING DOCUMENTS}{section*.85}% 41
\BOOKMARK [1][-]{section*.91}{6. COLLECTIONS OF DOCUMENTS}{section*.85}% 42
\BOOKMARK [1][-]{section*.92}{7. AGGREGATION WITH INDEPENDENT WORKS}{section*.85}% 43
\BOOKMARK [1][-]{section*.93}{8. TRANSLATION}{section*.85}% 44
\BOOKMARK [1][-]{section*.94}{9. TERMINATION}{section*.85}% 45
\BOOKMARK [1][-]{section*.95}{10. FUTURE REVISIONS OF THIS LICENSE}{section*.85}% 46
\BOOKMARK [1][-]{section*.96}{11. RELICENSING}{section*.85}% 47
\BOOKMARK [1][-]{section*.97}{ADDENDUM: How to use this License for your documents}{section*.85}% 48
